<?xml version="1.0" encoding="UTF-8"?>
<testng-results ignored="0" total="5" passed="5" failed="0" skipped="0">
  <reporter-output>
  </reporter-output>
  <suite started-at="2023-05-08T21:35:12 EDT" name="Default suite" finished-at="2023-05-08T21:35:30 EDT" duration-ms="17784">
    <groups>
      <group name="cucumber">
        <method signature="AbstractTestNGCucumberTests.runScenario(io.cucumber.testng.PickleWrapper,io.cucumber.testng.FeatureWrapper)[pri:0, instance:com.saucedemo.testscripts.TestRunner@2f4948e4]" name="runScenario" class="io.cucumber.testng.AbstractTestNGCucumberTests"/>
      </group> <!-- cucumber -->
    </groups>
    <test started-at="2023-05-08T21:35:12 EDT" name="Default test" finished-at="2023-05-08T21:35:30 EDT" duration-ms="17784">
      <class name="com.saucedemo.testscripts.TestRunner">
        <test-method is-config="true" signature="setUpClass(org.testng.ITestContext)[pri:0, instance:com.saucedemo.testscripts.TestRunner@2f4948e4]" started-at="2023-05-08T21:35:12 EDT" name="setUpClass" finished-at="2023-05-08T21:35:13 EDT" duration-ms="566" status="PASS">
          <params>
            <param index="0">
              <value>
                <![CDATA[org.testng.TestRunner@7196a8f1]]>
              </value>
            </param>
          </params>
          <reporter-output>
          </reporter-output>
        </test-method> <!-- setUpClass -->
        <test-method signature="runScenario(io.cucumber.testng.PickleWrapper,io.cucumber.testng.FeatureWrapper)[pri:0, instance:com.saucedemo.testscripts.TestRunner@2f4948e4]" started-at="2023-05-08T21:35:13 EDT" name="runScenario" description="Runs Cucumber Scenarios" data-provider="scenarios" finished-at="2023-05-08T21:35:17 EDT" duration-ms="4186" status="PASS">
          <params>
            <param index="0">
              <value>
                <![CDATA["A user should be able to add two items and buy it successfully"]]>
              </value>
            </param>
            <param index="1">
              <value>
                <![CDATA["Optional[Buy new items]"]]>
              </value>
            </param>
          </params>
          <reporter-output>
          </reporter-output>
        </test-method> <!-- runScenario -->
        <test-method signature="runScenario(io.cucumber.testng.PickleWrapper,io.cucumber.testng.FeatureWrapper)[pri:0, instance:com.saucedemo.testscripts.TestRunner@2f4948e4]" started-at="2023-05-08T21:35:17 EDT" name="runScenario" description="Runs Cucumber Scenarios" data-provider="scenarios" finished-at="2023-05-08T21:35:20 EDT" duration-ms="2798" status="PASS">
          <params>
            <param index="0">
              <value>
                <![CDATA["User Shoud Be able to sort items on low to high price"]]>
              </value>
            </param>
            <param index="1">
              <value>
                <![CDATA["Optional[Sort Items On low to high price]"]]>
              </value>
            </param>
          </params>
          <reporter-output>
          </reporter-output>
        </test-method> <!-- runScenario -->
        <test-method signature="runScenario(io.cucumber.testng.PickleWrapper,io.cucumber.testng.FeatureWrapper)[pri:0, instance:com.saucedemo.testscripts.TestRunner@2f4948e4]" started-at="2023-05-08T21:35:20 EDT" name="runScenario" description="Runs Cucumber Scenarios" data-provider="scenarios" finished-at="2023-05-08T21:35:23 EDT" duration-ms="2903" status="PASS">
          <params>
            <param index="0">
              <value>
                <![CDATA["User Should be able to buy product and verify the success msg"]]>
              </value>
            </param>
            <param index="1">
              <value>
                <![CDATA["Optional[Verify and Buy Products]"]]>
              </value>
            </param>
          </params>
          <reporter-output>
          </reporter-output>
        </test-method> <!-- runScenario -->
        <test-method signature="runScenario(io.cucumber.testng.PickleWrapper,io.cucumber.testng.FeatureWrapper)[pri:0, instance:com.saucedemo.testscripts.TestRunner@2f4948e4]" started-at="2023-05-08T21:35:23 EDT" name="runScenario" description="Runs Cucumber Scenarios" data-provider="scenarios" finished-at="2023-05-08T21:35:25 EDT" duration-ms="2238" status="PASS">
          <params>
            <param index="0">
              <value>
                <![CDATA["A User should be able to see Error message."]]>
              </value>
            </param>
            <param index="1">
              <value>
                <![CDATA["Optional[Verify Error Message]"]]>
              </value>
            </param>
          </params>
          <reporter-output>
          </reporter-output>
        </test-method> <!-- runScenario -->
        <test-method signature="runScenario(io.cucumber.testng.PickleWrapper,io.cucumber.testng.FeatureWrapper)[pri:0, instance:com.saucedemo.testscripts.TestRunner@2f4948e4]" started-at="2023-05-08T21:35:25 EDT" name="runScenario" description="Runs Cucumber Scenarios" data-provider="scenarios" finished-at="2023-05-08T21:35:28 EDT" duration-ms="2703" status="PASS">
          <params>
            <param index="0">
              <value>
                <![CDATA["User should be able to verify the last name Error Msg"]]>
              </value>
            </param>
            <param index="1">
              <value>
                <![CDATA["Optional[Sort Items on Price]"]]>
              </value>
            </param>
          </params>
          <reporter-output>
          </reporter-output>
        </test-method> <!-- runScenario -->
        <test-method is-config="true" signature="tearDownClass()[pri:0, instance:com.saucedemo.testscripts.TestRunner@2f4948e4]" started-at="2023-05-08T21:35:28 EDT" name="tearDownClass" finished-at="2023-05-08T21:35:30 EDT" duration-ms="2312" status="PASS">
          <reporter-output>
          </reporter-output>
        </test-method> <!-- tearDownClass -->
      </class> <!-- com.saucedemo.testscripts.TestRunner -->
    </test> <!-- Default test -->
  </suite> <!-- Default suite -->
</testng-results>
