<?xml version="1.0" encoding="UTF-8"?>
<testng-results ignored="0" total="5" passed="5" failed="0" skipped="0">
  <reporter-output>
  </reporter-output>
  <suite started-at="2023-05-08T18:10:00 EDT" name="Suite" finished-at="2023-05-08T18:10:16 EDT" duration-ms="15502">
    <groups>
    </groups>
    <test started-at="2023-05-08T18:10:00 EDT" name="Test" finished-at="2023-05-08T18:10:16 EDT" duration-ms="15502">
      <class name="com.saucedemo.testscripts.VerifyAndBuyProductsTest">
        <test-method is-config="true" signature="buyNewItem()[pri:0, instance:com.saucedemo.testscripts.VerifyAndBuyProductsTest@6dab9b6d]" started-at="2023-05-08T18:10:08 EDT" name="buyNewItem" finished-at="2023-05-08T18:10:09 EDT" duration-ms="1665" status="PASS">
          <reporter-output>
          </reporter-output>
        </test-method> <!-- buyNewItem -->
        <test-method signature="launchApplication()[pri:0, instance:com.saucedemo.testscripts.VerifyAndBuyProductsTest@6dab9b6d]" started-at="2023-05-08T18:10:09 EDT" name="launchApplication" finished-at="2023-05-08T18:10:11 EDT" duration-ms="1215" status="PASS">
          <reporter-output>
          </reporter-output>
        </test-method> <!-- launchApplication -->
        <test-method is-config="true" signature="closeBrowser()[pri:0, instance:com.saucedemo.testscripts.VerifyAndBuyProductsTest@6dab9b6d]" started-at="2023-05-08T18:10:11 EDT" name="closeBrowser" finished-at="2023-05-08T18:10:11 EDT" duration-ms="231" status="PASS">
          <reporter-output>
          </reporter-output>
        </test-method> <!-- closeBrowser -->
      </class> <!-- com.saucedemo.testscripts.VerifyAndBuyProductsTest -->
      <class name="com.saucedemo.testscripts.VerifyErrMsgTest">
        <test-method is-config="true" signature="buyNewItem()[pri:0, instance:com.saucedemo.testscripts.VerifyErrMsgTest@21fd5faa]" started-at="2023-05-08T18:10:11 EDT" name="buyNewItem" finished-at="2023-05-08T18:10:13 EDT" duration-ms="1796" status="PASS">
          <reporter-output>
          </reporter-output>
        </test-method> <!-- buyNewItem -->
        <test-method signature="launchApplication()[pri:0, instance:com.saucedemo.testscripts.VerifyErrMsgTest@21fd5faa]" started-at="2023-05-08T18:10:13 EDT" name="launchApplication" finished-at="2023-05-08T18:10:13 EDT" duration-ms="284" status="PASS">
          <reporter-output>
          </reporter-output>
        </test-method> <!-- launchApplication -->
        <test-method is-config="true" signature="closeBrowser()[pri:0, instance:com.saucedemo.testscripts.VerifyErrMsgTest@21fd5faa]" started-at="2023-05-08T18:10:13 EDT" name="closeBrowser" finished-at="2023-05-08T18:10:13 EDT" duration-ms="214" status="PASS">
          <reporter-output>
          </reporter-output>
        </test-method> <!-- closeBrowser -->
      </class> <!-- com.saucedemo.testscripts.VerifyErrMsgTest -->
      <class name="com.saucedemo.testscripts.SortItemsOnPriceTest">
        <test-method is-config="true" signature="buyNewItem()[pri:0, instance:com.saucedemo.testscripts.SortItemsOnPriceTest@53941c2f]" started-at="2023-05-08T18:10:05 EDT" name="buyNewItem" finished-at="2023-05-08T18:10:07 EDT" duration-ms="1848" status="PASS">
          <reporter-output>
          </reporter-output>
        </test-method> <!-- buyNewItem -->
        <test-method signature="launchApplication()[pri:0, instance:com.saucedemo.testscripts.SortItemsOnPriceTest@53941c2f]" started-at="2023-05-08T18:10:07 EDT" name="launchApplication" finished-at="2023-05-08T18:10:08 EDT" duration-ms="958" status="PASS">
          <reporter-output>
          </reporter-output>
        </test-method> <!-- launchApplication -->
        <test-method is-config="true" signature="closeBrowser()[pri:0, instance:com.saucedemo.testscripts.SortItemsOnPriceTest@53941c2f]" started-at="2023-05-08T18:10:08 EDT" name="closeBrowser" finished-at="2023-05-08T18:10:08 EDT" duration-ms="223" status="PASS">
          <reporter-output>
          </reporter-output>
        </test-method> <!-- closeBrowser -->
      </class> <!-- com.saucedemo.testscripts.SortItemsOnPriceTest -->
      <class name="com.saucedemo.testscripts.BuyNewItemsTest">
        <test-method is-config="true" signature="buyNewItem()[pri:0, instance:com.saucedemo.testscripts.BuyNewItemsTest@4b79ac84]" started-at="2023-05-08T18:10:01 EDT" name="buyNewItem" finished-at="2023-05-08T18:10:03 EDT" duration-ms="2929" status="PASS">
          <reporter-output>
          </reporter-output>
        </test-method> <!-- buyNewItem -->
        <test-method signature="launchApplication()[pri:0, instance:com.saucedemo.testscripts.BuyNewItemsTest@4b79ac84]" started-at="2023-05-08T18:10:03 EDT" name="launchApplication" finished-at="2023-05-08T18:10:05 EDT" duration-ms="1071" status="PASS">
          <reporter-output>
          </reporter-output>
        </test-method> <!-- launchApplication -->
        <test-method is-config="true" signature="closeBrowser()[pri:0, instance:com.saucedemo.testscripts.BuyNewItemsTest@4b79ac84]" started-at="2023-05-08T18:10:05 EDT" name="closeBrowser" finished-at="2023-05-08T18:10:05 EDT" duration-ms="251" status="PASS">
          <reporter-output>
          </reporter-output>
        </test-method> <!-- closeBrowser -->
      </class> <!-- com.saucedemo.testscripts.BuyNewItemsTest -->
      <class name="com.saucedemo.testscripts.VerifyLastNameErrMsgTest">
        <test-method is-config="true" signature="buyNewItem()[pri:0, instance:com.saucedemo.testscripts.VerifyLastNameErrMsgTest@2766ca9d]" started-at="2023-05-08T18:10:13 EDT" name="buyNewItem" finished-at="2023-05-08T18:10:15 EDT" duration-ms="1741" status="PASS">
          <reporter-output>
          </reporter-output>
        </test-method> <!-- buyNewItem -->
        <test-method signature="launchApplication()[pri:0, instance:com.saucedemo.testscripts.VerifyLastNameErrMsgTest@2766ca9d]" started-at="2023-05-08T18:10:15 EDT" name="launchApplication" finished-at="2023-05-08T18:10:16 EDT" duration-ms="774" status="PASS">
          <reporter-output>
          </reporter-output>
        </test-method> <!-- launchApplication -->
        <test-method is-config="true" signature="closeBrowser()[pri:0, instance:com.saucedemo.testscripts.VerifyLastNameErrMsgTest@2766ca9d]" started-at="2023-05-08T18:10:16 EDT" name="closeBrowser" finished-at="2023-05-08T18:10:16 EDT" duration-ms="232" status="PASS">
          <reporter-output>
          </reporter-output>
        </test-method> <!-- closeBrowser -->
      </class> <!-- com.saucedemo.testscripts.VerifyLastNameErrMsgTest -->
    </test> <!-- Test -->
  </suite> <!-- Suite -->
</testng-results>
