<?xml version="1.0" encoding="UTF-8"?>
<!-- Generated by org.testng.reporters.JUnitXMLReporter -->
<testsuite ignored="0" hostname="DESKTOP-J45QQLO" failures="0" tests="5" name="Test" time="15.502" errors="0" timestamp="2023-05-08T18:10:16 EDT">
  <testcase classname="com.saucedemo.testscripts.BuyNewItemsTest" name="launchApplication" time="1.071"/>
  <testcase classname="com.saucedemo.testscripts.SortItemsOnPriceTest" name="launchApplication" time="0.958"/>
  <testcase classname="com.saucedemo.testscripts.VerifyAndBuyProductsTest" name="launchApplication" time="1.215"/>
  <testcase classname="com.saucedemo.testscripts.VerifyErrMsgTest" name="launchApplication" time="0.284"/>
  <testcase classname="com.saucedemo.testscripts.VerifyLastNameErrMsgTest" name="launchApplication" time="0.774"/>
</testsuite> <!-- Test -->
